Server listening on port 8888
New connection...
New member added (total=1): user@wuq-ThinkPad-T14-Gen-1
Disconnecting socket
Total connected: 1
New connection...
New connection...
New member added (total=2): user@wuq-ThinkPad-T14-Gen-1
Disconnecting socket
Total connected: 2
New connection...
Disconnecting socket
Total connected: 2
New connection...
New connection...
Client user@wuq-ThinkPad-T14-Gen-1 sending to user@wuq-ThinkPad-T14-Gen-1
Disconnecting socket
Total connected: 2
Disconnecting socket
Total connected: 2
New connection...
New connection...
Client user@wuq-ThinkPad-T14-Gen-1 sending to user@wuq-ThinkPad-T14-Gen-1
Disconnecting socket
Total connected: 2
New connection...
Client user@wuq-ThinkPad-T14-Gen-1 sending to user@wuq-ThinkPad-T14-Gen-1
Disconnecting socket
Total connected: 2
New connection...
Client user@wuq-ThinkPad-T14-Gen-1 sending to user@wuq-ThinkPad-T14-Gen-1
Disconnecting socket
Total connected: 2
New connection...
Client user@wuq-ThinkPad-T14-Gen-1 sending to user@wuq-ThinkPad-T14-Gen-1
Disconnecting socket
Total connected: 2
New connection...
Client user@wuq-ThinkPad-T14-Gen-1 sending to user@wuq-ThinkPad-T14-Gen-1
Disconnecting socket
Total connected: 2
New connection...
Client user@wuq-ThinkPad-T14-Gen-1 sending to user@wuq-ThinkPad-T14-Gen-1
Disconnecting socket
Total connected: 2
New connection...
Client user@wuq-ThinkPad-T14-Gen-1 sending to user@wuq-ThinkPad-T14-Gen-1
Disconnecting socket
Total connected: 2
New connection...
Client user@wuq-ThinkPad-T14-Gen-1 sending to user@wuq-ThinkPad-T14-Gen-1
Disconnecting socket
Total connected: 2
New connection...
Client user@wuq-ThinkPad-T14-Gen-1 sending to user@wuq-ThinkPad-T14-Gen-1
Disconnecting socket
Total connected: 2
New connection...
Client user@wuq-ThinkPad-T14-Gen-1 sending to user@wuq-ThinkPad-T14-Gen-1
Disconnecting socket
Total connected: 2
Disconnecting socket
Total connected: 2
New connection...
New connection...
Client user@wuq-ThinkPad-T14-Gen-1 sending to user@wuq-ThinkPad-T14-Gen-1
Disconnecting socket
Total connected: 2
Disconnecting socket
Total connected: 2
New connection...
New connection...
Disconnecting socket
Total connected: 2
New connection...
Disconnecting socket
Total connected: 2
New connection...
Client user@wuq-ThinkPad-T14-Gen-1 sending to user@wuq-ThinkPad-T14-Gen-1
Disconnecting socket
Total connected: 2
New connection...
Disconnecting socket
Total connected: 2
New connection...
Client user@wuq-ThinkPad-T14-Gen-1 sending to user@wuq-ThinkPad-T14-Gen-1
Disconnecting socket
Total connected: 2
Disconnecting socket
Total connected: 2
New connection...
Disconnecting socket
Total connected: 2
New connection...
Disconnecting socket
Total connected: 2
New connection...
Disconnecting socket
Total connected: 2
New connection...
Disconnecting socket
Total connected: 2
New connection...
Disconnecting socket
Total connected: 2
New connection...
Disconnecting socket
Total connected: 2
New connection...
Disconnecting socket
Total connected: 2
New connection...
New connection...
Client user@wuq-ThinkPad-T14-Gen-1 sending to user@wuq-ThinkPad-T14-Gen-1
Disconnecting socket
Total connected: 2
Disconnecting socket
Total connected: 2
New connection...
New connection...
Client user@wuq-ThinkPad-T14-Gen-1 sending to user@wuq-ThinkPad-T14-Gen-1
Disconnecting socket
Total connected: 2
New connection...
Client user@wuq-ThinkPad-T14-Gen-1 sending to user@wuq-ThinkPad-T14-Gen-1
Disconnecting socket
Total connected: 2
New connection...
Client user@wuq-ThinkPad-T14-Gen-1 sending to user@wuq-ThinkPad-T14-Gen-1
Disconnecting socket
Total connected: 2
New connection...
Client user@wuq-ThinkPad-T14-Gen-1 sending to user@wuq-ThinkPad-T14-Gen-1
Disconnecting socket
Total connected: 2
New connection...
Client user@wuq-ThinkPad-T14-Gen-1 sending to user@wuq-ThinkPad-T14-Gen-1
Disconnecting socket
Total connected: 2
New connection...
Client user@wuq-ThinkPad-T14-Gen-1 sending to user@wuq-ThinkPad-T14-Gen-1
Disconnecting socket
Total connected: 2
Disconnecting socket
Total connected: 2
New connection...
New connection...
Client user@wuq-ThinkPad-T14-Gen-1 sending to user@wuq-ThinkPad-T14-Gen-1
Disconnecting socket
Total connected: 2
New connection...
Client user@wuq-ThinkPad-T14-Gen-1 sending to user@wuq-ThinkPad-T14-Gen-1
Disconnecting socket
Total connected: 2
New connection...
Client user@wuq-ThinkPad-T14-Gen-1 sending to user@wuq-ThinkPad-T14-Gen-1
Disconnecting socket
Total connected: 2
New connection...
Client user@wuq-ThinkPad-T14-Gen-1 sending to user@wuq-ThinkPad-T14-Gen-1
Disconnecting socket
Total connected: 2
New connection...
Client user@wuq-ThinkPad-T14-Gen-1 sending to user@wuq-ThinkPad-T14-Gen-1
Disconnecting socket
Total connected: 2
New connection...
Client user@wuq-ThinkPad-T14-Gen-1 sending to user@wuq-ThinkPad-T14-Gen-1
Disconnecting socket
Total connected: 2
Disconnecting socket
Total connected: 2
New connection...
New connection...
Client user@wuq-ThinkPad-T14-Gen-1 sending to user@wuq-ThinkPad-T14-Gen-1
Disconnecting socket
Total connected: 2
Disconnecting socket
Total connected: 2
New connection...
New connection...
Disconnecting socket
Total connected: 2
New connection...
Disconnecting socket
Total connected: 2
New connection...
Client user@wuq-ThinkPad-T14-Gen-1 sending to user@wuq-ThinkPad-T14-Gen-1
Disconnecting socket
Total connected: 2
Disconnecting socket
Total connected: 2
New connection...
New connection...
Disconnecting socket
Total connected: 2
New connection...
Client user@wuq-ThinkPad-T14-Gen-1 sending to user@wuq-ThinkPad-T14-Gen-1
Disconnecting socket
Total connected: 2
Disconnecting socket
Total connected: 2
New connection...
New connection...
Disconnecting socket
Total connected: 2
New connection...
Client user@wuq-ThinkPad-T14-Gen-1 sending to user@wuq-ThinkPad-T14-Gen-1
Disconnecting socket
Total connected: 2
Disconnecting socket
Total connected: 2
New connection...
New connection...
Disconnecting socket
Total connected: 2
New connection...
Client user@wuq-ThinkPad-T14-Gen-1 sending to user@wuq-ThinkPad-T14-Gen-1
Disconnecting socket
Total connected: 2
New connection...
Disconnecting socket
Total connected: 2
New connection...
Client user@wuq-ThinkPad-T14-Gen-1 sending to user@wuq-ThinkPad-T14-Gen-1
Disconnecting socket
Total connected: 2
Disconnecting socket
Total connected: 2
New connection...
Disconnecting socket
Total connected: 2
New connection...
Disconnecting socket
Total connected: 2
New connection...
Disconnecting socket
Total connected: 2
New connection...
Disconnecting socket
Total connected: 2
New connection...
Disconnecting socket
Total connected: 2
New connection...
New connection...
Client user@wuq-ThinkPad-T14-Gen-1 sending to user@wuq-ThinkPad-T14-Gen-1
Disconnecting socket
Total connected: 2
Disconnecting socket
Total connected: 2
New connection...
New connection...
Client user@wuq-ThinkPad-T14-Gen-1 sending to user@wuq-ThinkPad-T14-Gen-1
Disconnecting socket
Total connected: 2
Disconnecting socket
Total connected: 2
New connection...
New connection...
Client user@wuq-ThinkPad-T14-Gen-1 sending to user@wuq-ThinkPad-T14-Gen-1
Disconnecting socket
Total connected: 2
New connection...
Client user@wuq-ThinkPad-T14-Gen-1 sending to user@wuq-ThinkPad-T14-Gen-1
Disconnecting socket
Total connected: 2
New connection...
Client user@wuq-ThinkPad-T14-Gen-1 sending to user@wuq-ThinkPad-T14-Gen-1
Disconnecting socket
Total connected: 2
New connection...
Client user@wuq-ThinkPad-T14-Gen-1 sending to user@wuq-ThinkPad-T14-Gen-1
Disconnecting socket
Total connected: 2
New connection...
Client user@wuq-ThinkPad-T14-Gen-1 sending to user@wuq-ThinkPad-T14-Gen-1
Disconnecting socket
Total connected: 2
New connection...
Client user@wuq-ThinkPad-T14-Gen-1 sending to user@wuq-ThinkPad-T14-Gen-1
Disconnecting socket
Total connected: 2
New connection...
Client user@wuq-ThinkPad-T14-Gen-1 sending to user@wuq-ThinkPad-T14-Gen-1
Disconnecting socket
Total connected: 2
New connection...
Client user@wuq-ThinkPad-T14-Gen-1 sending to user@wuq-ThinkPad-T14-Gen-1
Disconnecting socket
Total connected: 2
New connection...
Client user@wuq-ThinkPad-T14-Gen-1 sending to user@wuq-ThinkPad-T14-Gen-1
Disconnecting socket
Total connected: 2
New connection...
Client user@wuq-ThinkPad-T14-Gen-1 sending to user@wuq-ThinkPad-T14-Gen-1
Disconnecting socket
Total connected: 2
Disconnecting socket
Total connected: 2
New connection...
New connection...
Client user@wuq-ThinkPad-T14-Gen-1 sending to user@wuq-ThinkPad-T14-Gen-1
Disconnecting socket
Total connected: 2
Disconnecting socket
Total connected: 2
New connection...
New connection...
Disconnecting socket
Total connected: 2
Disconnecting socket
Total connected: 2
New connection...
Disconnecting socket
Total connected: 2
New connection...
New connection...
Client user@wuq-ThinkPad-T14-Gen-1 sending to user@wuq-ThinkPad-T14-Gen-1
Disconnecting socket
Total connected: 2
New connection...
Disconnecting socket
Total connected: 2
New connection...
Disconnecting socket
Total connected: 2
New connection...
Client user@wuq-ThinkPad-T14-Gen-1 sending to user@wuq-ThinkPad-T14-Gen-1
Disconnecting socket
Total connected: 2
Disconnecting socket
Total connected: 2
New connection...
Disconnecting socket
Total connected: 2
New connection...
Disconnecting socket
Total connected: 2
New connection...
Disconnecting socket
Total connected: 2
New connection...
Disconnecting socket
Total connected: 2
New connection...
Disconnecting socket
Total connected: 2
New connection...
New connection...
Client user@wuq-ThinkPad-T14-Gen-1 sending to user@wuq-ThinkPad-T14-Gen-1
Disconnecting socket
Total connected: 2
Disconnecting socket
Total connected: 2
Disconnecting socket
Total connected: 2
New connection...
New connection...
New member added (total=3): user@wuq-ThinkPad-T14-Gen-1
Disconnecting socket
Total connected: 3
Disconnecting socket
Total connected: 3
New connection...
New connection...
New connection...
Client user@wuq-ThinkPad-T14-Gen-1 sending to user@wuq-ThinkPad-T14-Gen-1
Disconnecting socket
Total connected: 3
New connection...
Client user@wuq-ThinkPad-T14-Gen-1 sending to user@wuq-ThinkPad-T14-Gen-1
Disconnecting socket
Total connected: 3
New connection...
Client user@wuq-ThinkPad-T14-Gen-1 sending to user@wuq-ThinkPad-T14-Gen-1
Disconnecting socket
Total connected: 3
New connection...
Client user@wuq-ThinkPad-T14-Gen-1 sending to user@wuq-ThinkPad-T14-Gen-1
Disconnecting socket
Total connected: 3
New connection...
Client user@wuq-ThinkPad-T14-Gen-1 sending to user@wuq-ThinkPad-T14-Gen-1
Disconnecting socket
Total connected: 3
New connection...
Client user@wuq-ThinkPad-T14-Gen-1 sending to user@wuq-ThinkPad-T14-Gen-1
Disconnecting socket
Total connected: 3
New connection...
Client user@wuq-ThinkPad-T14-Gen-1 sending to user@wuq-ThinkPad-T14-Gen-1
Disconnecting socket
Total connected: 3
New connection...
Client user@wuq-ThinkPad-T14-Gen-1 sending to user@wuq-ThinkPad-T14-Gen-1
Disconnecting socket
Total connected: 3
New connection...
Client user@wuq-ThinkPad-T14-Gen-1 sending to user@wuq-ThinkPad-T14-Gen-1
Disconnecting socket
Total connected: 3
New connection...
Client user@wuq-ThinkPad-T14-Gen-1 sending to user@wuq-ThinkPad-T14-Gen-1
Disconnecting socket
Total connected: 3
New connection...
Client user@wuq-ThinkPad-T14-Gen-1 sending to user@wuq-ThinkPad-T14-Gen-1
Disconnecting socket
Total connected: 3
New connection...
Client user@wuq-ThinkPad-T14-Gen-1 sending to user@wuq-ThinkPad-T14-Gen-1
Disconnecting socket
Total connected: 3
New connection...
Client user@wuq-ThinkPad-T14-Gen-1 sending to user@wuq-ThinkPad-T14-Gen-1
Disconnecting socket
Total connected: 3
New connection...
Client user@wuq-ThinkPad-T14-Gen-1 sending to user@wuq-ThinkPad-T14-Gen-1
Disconnecting socket
Total connected: 3
New connection...
Client user@wuq-ThinkPad-T14-Gen-1 sending to user@wuq-ThinkPad-T14-Gen-1
Disconnecting socket
Total connected: 3
New connection...
Client user@wuq-ThinkPad-T14-Gen-1 sending to user@wuq-ThinkPad-T14-Gen-1
Disconnecting socket
Total connected: 3
New connection...
Client user@wuq-ThinkPad-T14-Gen-1 sending to user@wuq-ThinkPad-T14-Gen-1
Disconnecting socket
Total connected: 3
New connection...
Client user@wuq-ThinkPad-T14-Gen-1 sending to user@wuq-ThinkPad-T14-Gen-1
Disconnecting socket
Total connected: 3
New connection...
Cl